  김승.c
d:\ky\cproject\project\project\김승.c(37): error C4996: 'getch': The POSIX name for this item is deprecated. Instead, use the ISO C and C++ conformant name: _getch. See online help for details.
  c:\program files (x86)\windows kits\10\include\10.0.17763.0\ucrt\conio.h(453): note: 'getch' 선언을 참조하십시오.
d:\ky\cproject\project\project\김승.c(39): error C4996: 'getch': The POSIX name for this item is deprecated. Instead, use the ISO C and C++ conformant name: _getch. See online help for details.
  c:\program files (x86)\windows kits\10\include\10.0.17763.0\ucrt\conio.h(453): note: 'getch' 선언을 참조하십시오.
d:\ky\cproject\project\project\김승.c(58): warning C4267: '초기화 중': 'size_t'에서 'int'(으)로 변환하면서 데이터가 손실될 수 있습니다.
  소스.c
d:\ky\cproject\project\project\소스.c(47): warning C4020: 'login': 실제 매개 변수가 너무 많습니다.
d:\ky\cproject\project\project\소스.c(61): warning C4026: 정식 매개 변수 목록을 사용하여 함수를 선언했습니다.
d:\ky\cproject\project\project\소스.c(68): warning C4013: 'gets'이(가) 정의되지 않았습니다. extern은 int형을 반환하는 것으로 간주합니다.
d:\ky\cproject\project\project\소스.c(72): error C2065: 'fp': 선언되지 않은 식별자입니다.
d:\ky\cproject\project\project\소스.c(72): warning C4047: '함수': 'FILE *'의 간접 참조 수준이 'int'과(와) 다릅니다.
d:\ky\cproject\project\project\소스.c(72): warning C4024: 'overlap_check': 형식 및 실제 매개 변수 1의 형식이 서로 다릅니다.
d:\ky\cproject\project\project\소스.c(72): error C2059: 구문 오류: ')'
d:\ky\cproject\project\project\소스.c(84): error C2143: 구문 오류: ';'이(가) '{' 앞에 없습니다.
d:\ky\cproject\project\project\소스.c(92): error C2143: 구문 오류: ';'이(가) '{' 앞에 없습니다.
d:\ky\cproject\project\project\소스.c(95): error C2065: 'fp': 선언되지 않은 식별자입니다.
d:\ky\cproject\project\project\소스.c(95): warning C4047: '함수': 'FILE *'의 간접 참조 수준이 'int'과(와) 다릅니다.
d:\ky\cproject\project\project\소스.c(95): warning C4024: 'fseek': 형식 및 실제 매개 변수 1의 형식이 서로 다릅니다.
d:\ky\cproject\project\project\소스.c(96): error C2065: 'fp': 선언되지 않은 식별자입니다.
d:\ky\cproject\project\project\소스.c(96): warning C4047: '함수': 'FILE *'의 간접 참조 수준이 'int'과(와) 다릅니다.
d:\ky\cproject\project\project\소스.c(96): warning C4024: 'fwrite': 형식 및 실제 매개 변수 4의 형식이 서로 다릅니다.
d:\ky\cproject\project\project\소스.c(105): error C2143: 구문 오류: ';'이(가) '{' 앞에 없습니다.
d:\ky\cproject\project\project\소스.c(107): error C2065: 'fp': 선언되지 않은 식별자입니다.
d:\ky\cproject\project\project\소스.c(107): warning C4047: '함수': 'FILE *'의 간접 참조 수준이 'int'과(와) 다릅니다.
d:\ky\cproject\project\project\소스.c(107): warning C4024: 'fseek': 형식 및 실제 매개 변수 1의 형식이 서로 다릅니다.
d:\ky\cproject\project\project\소스.c(110): error C2065: 'id': 선언되지 않은 식별자입니다.
d:\ky\cproject\project\project\소스.c(110): warning C4047: '함수': 'char *'의 간접 참조 수준이 'int'과(와) 다릅니다.
d:\ky\cproject\project\project\소스.c(110): warning C4024: 'gets_s': 형식 및 실제 매개 변수 1의 형식이 서로 다릅니다.
d:\ky\cproject\project\project\소스.c(111): error C2065: 'fp': 선언되지 않은 식별자입니다.
d:\ky\cproject\project\project\소스.c(111): warning C4047: '함수': 'FILE *'의 간접 참조 수준이 'int'과(와) 다릅니다.
d:\ky\cproject\project\project\소스.c(111): warning C4024: 'feof': 형식 및 실제 매개 변수 1의 형식이 서로 다릅니다.
d:\ky\cproject\project\project\소스.c(112): error C2065: 'fp': 선언되지 않은 식별자입니다.
d:\ky\cproject\project\project\소스.c(112): warning C4047: '함수': 'FILE *'의 간접 참조 수준이 'int'과(와) 다릅니다.
d:\ky\cproject\project\project\소스.c(112): warning C4024: 'fread': 형식 및 실제 매개 변수 4의 형식이 서로 다릅니다.
d:\ky\cproject\project\project\소스.c(113): error C2065: 'id': 선언되지 않은 식별자입니다.
d:\ky\cproject\project\project\소스.c(113): warning C4047: '함수': 'const char *'의 간접 참조 수준이 'int'과(와) 다릅니다.
d:\ky\cproject\project\project\소스.c(113): warning C4024: 'strcmp': 형식 및 실제 매개 변수 2의 형식이 서로 다릅니다.
d:\ky\cproject\project\project\소스.c(115): error C2440: 'return': 'int'에서 'USER'(으)로 변환할 수 없습니다.
d:\ky\cproject\project\project\소스.c(119): error C2440: 'return': 'int'에서 'USER'(으)로 변환할 수 없습니다.
d:\ky\cproject\project\project\소스.c(126): warning C4031: 둘째 정식 매개 변수 목록이 첫째 목록보다 깁니다.
d:\ky\cproject\project\project\소스.c(126): error C2143: 구문 오류: ';'이(가) '{' 앞에 없습니다.
d:\ky\cproject\project\project\소스.c(132): error C2065: 'fp': 선언되지 않은 식별자입니다.
d:\ky\cproject\project\project\소스.c(132): warning C4047: '함수': 'FILE *'의 간접 참조 수준이 'int'과(와) 다릅니다.
d:\ky\cproject\project\project\소스.c(132): warning C4024: 'fseek': 형식 및 실제 매개 변수 1의 형식이 서로 다릅니다.
d:\ky\cproject\project\project\소스.c(138): error C2065: 'fp': 선언되지 않은 식별자입니다.
d:\ky\cproject\project\project\소스.c(138): warning C4047: '함수': 'FILE *'의 간접 참조 수준이 'int'과(와) 다릅니다.
d:\ky\cproject\project\project\소스.c(138): warning C4024: 'feof': 형식 및 실제 매개 변수 1의 형식이 서로 다릅니다.
d:\ky\cproject\project\project\소스.c(139): error C2065: 'user': 선언되지 않은 식별자입니다.
d:\ky\cproject\project\project\소스.c(139): warning C4022: 'fread': 실제 매개 변수 1의 포인터가 일치하지 않습니다.
d:\ky\cproject\project\project\소스.c(139): error C2065: 'fp': 선언되지 않은 식별자입니다.
d:\ky\cproject\project\project\소스.c(139): warning C4047: '함수': 'FILE *'의 간접 참조 수준이 'int'과(와) 다릅니다.
d:\ky\cproject\project\project\소스.c(139): warning C4024: 'fread': 형식 및 실제 매개 변수 4의 형식이 서로 다릅니다.
d:\ky\cproject\project\project\소스.c(140): error C2065: 'user': 선언되지 않은 식별자입니다.
d:\ky\cproject\project\project\소스.c(140): error C2223: '->id' 왼쪽은 구조체/공용 구조체를 가리켜야 합니다.
d:\ky\cproject\project\project\소스.c(140): error C2223: '->password' 왼쪽은 구조체/공용 구조체를 가리켜야 합니다.
d:\ky\cproject\project\project\소스.c(140): warning C4473: 'printf': 서식 문자열에 대한 인수가 충분하게 전달되지 않았습니다.
  d:\ky\cproject\project\project\소스.c(140): note: 자리 표시자 및 해당 매개 변수에는 variadic 인수가 4개 필요하지만 2개가 제공되었습니다.
  d:\ky\cproject\project\project\소스.c(140): note: 누락된 variadic 인수 3이(가) 서식 문자열 '%s'에 필요합니다.
d:\ky\cproject\project\project\소스.c(141): error C2065: 'user': 선언되지 않은 식별자입니다.
d:\ky\cproject\project\project\소스.c(141): error C2223: '->id' 왼쪽은 구조체/공용 구조체를 가리켜야 합니다.
d:\ky\cproject\project\project\소스.c(141): error C2168: 'strcmp': 내장 함수에 대한 실제 매개 변수가 너무 적습니다.
d:\ky\cproject\project\project\소스.c(142): error C2065: 'user': 선언되지 않은 식별자입니다.
d:\ky\cproject\project\project\소스.c(142): error C2223: '->password' 왼쪽은 구조체/공용 구조체를 가리켜야 합니다.
d:\ky\cproject\project\project\소스.c(142): error C2168: 'strcmp': 내장 함수에 대한 실제 매개 변수가 너무 적습니다.
d:\ky\cproject\project\project\소스.c(146): error C2440: 'return': 'int'에서 'USER'(으)로 변환할 수 없습니다.
d:\ky\cproject\project\project\소스.c(152): error C2440: 'return': 'int'에서 'USER'(으)로 변환할 수 없습니다.
d:\ky\cproject\project\project\소스.c(155): error C2143: 구문 오류: ';'이(가) '{' 앞에 없습니다.
d:\ky\cproject\project\project\소스.c(156): error C2065: 'user': 선언되지 않은 식별자입니다.
d:\ky\cproject\project\project\소스.c(156): error C2223: '->name' 왼쪽은 구조체/공용 구조체를 가리켜야 합니다.
d:\ky\cproject\project\project\소스.c(156): warning C4473: 'printf': 서식 문자열에 대한 인수가 충분하게 전달되지 않았습니다.
  d:\ky\cproject\project\project\소스.c(156): note: 자리 표시자 및 해당 매개 변수에는 variadic 인수가 1개 필요하지만 0개가 제공되었습니다.
  d:\ky\cproject\project\project\소스.c(156): note: 누락된 variadic 인수 1이(가) 서식 문자열 '%s'에 필요합니다.
d:\ky\cproject\project\project\소스.c(161): error C2143: 구문 오류: ';'이(가) '{' 앞에 없습니다.
d:\ky\cproject\project\project\소스.c(173): error C2065: 'books': 선언되지 않은 식별자입니다.
d:\ky\cproject\project\project\소스.c(173): error C2223: '->title' 왼쪽은 구조체/공용 구조체를 가리켜야 합니다.
d:\ky\cproject\project\project\소스.c(173): error C2168: 'strcpy': 내장 함수에 대한 실제 매개 변수가 너무 적습니다.
d:\ky\cproject\project\project\소스.c(175): error C2065: 'books': 선언되지 않은 식별자입니다.
d:\ky\cproject\project\project\소스.c(175): error C2223: '->author' 왼쪽은 구조체/공용 구조체를 가리켜야 합니다.
d:\ky\cproject\project\project\소스.c(175): error C2168: 'strcpy': 내장 함수에 대한 실제 매개 변수가 너무 적습니다.
d:\ky\cproject\project\project\소스.c(179): fatal error C1004: 예기치 않은 파일의 끝이 나타났습니다.
